*** Starting uWSGI 2.0.18 (64bit) on [Sun Oct 10 14:46:07 2021] ***
compiled with version: 10.2.1 20210110 on 10 October 2021 14:43:02
os: Linux-4.19.128-microsoft-standard #1 SMP Tue Jun 23 12:58:10 UTC 2020
nodename: 477125d25bd1
machine: x86_64
clock source: unix
pcre jit disabled
detected number of CPU cores: 8
current working directory: /var/LabManager
writing pidfile to /tmp/LabManager-master.pid
detected binary path: /usr/local/bin/uwsgi
chdir() to /var/LabManager
your memory page size is 4096 bytes
 *** WARNING: you have enabled harakiri without post buffering. Slow upload could be rejected on post-unbuffered webservers *** 
detected max file descriptor number: 1048576
lock engine: pthread robust mutexes
thunder lock: disabled (you can enable it with --thunder-lock)
uWSGI http bound on 0.0.0.0:9000 fd 3
uwsgi socket 0 bound to TCP address 0.0.0.0:8000 fd 6
setgid() to 33
setuid() to 33
Python version: 3.7.12 (default, Sep 28 2021, 19:43:27)  [GCC 10.2.1 20210110]
Python main interpreter initialized at 0x55ec7384cd90
python threads support enabled
your server socket listen backlog is limited to 100 connections
your mercy for graceful operations on workers is 60 seconds
mapped 403077 bytes (393 KB) for 2 cores
*** Operational MODE: preforking ***
WSGI app 0 (mountpoint='') ready in 0 seconds on interpreter 0x55ec7384cd90 pid: 18 (default app)
*** uWSGI is running in multiple interpreter mode ***
spawned uWSGI master process (pid: 18)
spawned uWSGI worker 1 (pid: 19, cores: 1)
spawned uWSGI worker 2 (pid: 20, cores: 1)
spawned uWSGI http 1 (pid: 21)
Python auto-reloader enabled
{address space usage: 157081600 bytes/149MB} {rss usage: 34430976 bytes/32MB} [pid: 20|app: 0|req: 1/1] 172.21.0.1 () {58 vars in 1381 bytes} [Sun Oct 10 22:46:24 2021] GET / => generated 0 bytes in 309 msecs (HTTP/1.1 302) 5 headers in 150 bytes (1 switches on core 0)
{address space usage: 157081600 bytes/149MB} {rss usage: 34668544 bytes/33MB} [pid: 19|app: 0|req: 1/2] 172.21.0.1 () {58 vars in 1406 bytes} [Sun Oct 10 22:46:24 2021] GET /login/?next=/ => generated 6136 bytes in 299 msecs (HTTP/1.1 200) 5 headers in 292 bytes (1 switches on core 0)
{address space usage: 157749248 bytes/150MB} {rss usage: 35180544 bytes/33MB} [pid: 20|app: 0|req: 2/3] 172.21.0.1 () {60 vars in 1437 bytes} [Sun Oct 10 22:46:32 2021] GET /login/?next=/ => generated 6136 bytes in 73 msecs (HTTP/1.1 200) 5 headers in 292 bytes (1 switches on core 0)
{address space usage: 158154752 bytes/150MB} {rss usage: 37711872 bytes/35MB} [pid: 19|app: 0|req: 2/4] 172.21.0.1 () {68 vars in 1648 bytes} [Sun Oct 10 22:47:01 2021] POST /login/?next=/ => generated 0 bytes in 185 msecs (HTTP/1.1 302) 7 headers in 450 bytes (1 switches on core 0)
{address space usage: 158453760 bytes/151MB} {rss usage: 37617664 bytes/35MB} [pid: 20|app: 0|req: 3/5] 172.21.0.1 () {62 vars in 1514 bytes} [Sun Oct 10 22:47:01 2021] GET / => generated 26895 bytes in 28 msecs (HTTP/1.1 200) 5 headers in 293 bytes (1 switches on core 0)
{address space usage: 158613504 bytes/151MB} {rss usage: 37924864 bytes/36MB} [pid: 20|app: 0|req: 4/6] 172.21.0.1 () {60 vars in 1488 bytes} [Sun Oct 10 22:47:16 2021] GET /userinfo/ => generated 40430 bytes in 34 msecs (HTTP/1.1 200) 5 headers in 293 bytes (1 switches on core 0)
*** Starting uWSGI 2.0.18 (64bit) on [Sun Oct 10 14:50:01 2021] ***
compiled with version: 10.2.1 20210110 on 10 October 2021 14:43:02
os: Linux-4.19.128-microsoft-standard #1 SMP Tue Jun 23 12:58:10 UTC 2020
nodename: 477125d25bd1
machine: x86_64
clock source: unix
pcre jit disabled
detected number of CPU cores: 8
current working directory: /var/LabManager
writing pidfile to /tmp/LabManager-master.pid
detected binary path: /usr/local/bin/uwsgi
chdir() to /var/LabManager
your memory page size is 4096 bytes
 *** WARNING: you have enabled harakiri without post buffering. Slow upload could be rejected on post-unbuffered webservers *** 
detected max file descriptor number: 1048576
lock engine: pthread robust mutexes
thunder lock: disabled (you can enable it with --thunder-lock)
uWSGI http bound on 0.0.0.0:9000 fd 3
uwsgi socket 0 bound to TCP address 0.0.0.0:8000 fd 6
setgid() to 33
setuid() to 33
Python version: 3.7.12 (default, Sep 28 2021, 19:43:27)  [GCC 10.2.1 20210110]
Python main interpreter initialized at 0x55d68d97dd90
python threads support enabled
your server socket listen backlog is limited to 100 connections
your mercy for graceful operations on workers is 60 seconds
mapped 403077 bytes (393 KB) for 2 cores
*** Operational MODE: preforking ***
WSGI app 0 (mountpoint='') ready in 1 seconds on interpreter 0x55d68d97dd90 pid: 17 (default app)
*** uWSGI is running in multiple interpreter mode ***
spawned uWSGI master process (pid: 17)
spawned uWSGI worker 1 (pid: 18, cores: 1)
spawned uWSGI worker 2 (pid: 19, cores: 1)
Python auto-reloader enabled
spawned uWSGI http 1 (pid: 22)
{address space usage: 158326784 bytes/150MB} {rss usage: 37363712 bytes/35MB} [pid: 18|app: 0|req: 1/1] 172.21.0.1 () {62 vars in 1519 bytes} [Sun Oct 10 22:50:05 2021] GET /userinfo/ => generated 40430 bytes in 179 msecs (HTTP/1.1 200) 5 headers in 293 bytes (1 switches on core 0)
{address space usage: 157368320 bytes/150MB} {rss usage: 36474880 bytes/34MB} [pid: 19|app: 0|req: 1/2] 172.21.0.1 () {64 vars in 1565 bytes} [Sun Oct 10 22:50:06 2021] POST /get_notice/ => generated 72 bytes in 128 msecs (HTTP/1.1 200) 4 headers in 122 bytes (1 switches on core 0)
{address space usage: 157368320 bytes/150MB} {rss usage: 36474880 bytes/34MB} [pid: 19|app: 0|req: 2/3] 172.21.0.1 () {60 vars in 1487 bytes} [Sun Oct 10 22:50:12 2021] GET /home => generated 0 bytes in 1 msecs (HTTP/1.1 301) 3 headers in 111 bytes (1 switches on core 0)
{address space usage: 158191616 bytes/150MB} {rss usage: 37056512 bytes/35MB} [pid: 19|app: 0|req: 3/4] 172.21.0.1 () {60 vars in 1489 bytes} [Sun Oct 10 22:50:12 2021] GET /home/ => generated 26895 bytes in 69 msecs (HTTP/1.1 200) 5 headers in 293 bytes (1 switches on core 0)
{address space usage: 158191616 bytes/150MB} {rss usage: 37056512 bytes/35MB} [pid: 19|app: 0|req: 4/5] 172.21.0.1 () {64 vars in 1561 bytes} [Sun Oct 10 22:50:12 2021] POST /get_notice/ => generated 72 bytes in 45 msecs (HTTP/1.1 200) 4 headers in 122 bytes (1 switches on core 0)
{address space usage: 158367744 bytes/151MB} {rss usage: 37343232 bytes/35MB} [pid: 19|app: 0|req: 5/6] 172.21.0.1 () {60 vars in 1505 bytes} [Sun Oct 10 22:50:18 2021] GET /home/myprofile/ => generated 36466 bytes in 35 msecs (HTTP/1.1 200) 5 headers in 293 bytes (1 switches on core 0)
{address space usage: 158367744 bytes/151MB} {rss usage: 37343232 bytes/35MB} [pid: 19|app: 0|req: 6/7] 172.21.0.1 () {64 vars in 1571 bytes} [Sun Oct 10 22:50:18 2021] POST /get_notice/ => generated 72 bytes in 11 msecs (HTTP/1.1 200) 4 headers in 122 bytes (1 switches on core 0)
{address space usage: 158367744 bytes/151MB} {rss usage: 37494784 bytes/35MB} [pid: 19|app: 0|req: 7/8] 172.21.0.1 () {64 vars in 1580 bytes} [Sun Oct 10 22:50:30 2021] POST /update-avatar/ => generated 72 bytes in 15 msecs (HTTP/1.1 200) 4 headers in 122 bytes (1 switches on core 0)
{address space usage: 158629888 bytes/151MB} {rss usage: 37564416 bytes/35MB} [pid: 19|app: 0|req: 8/9] 172.21.0.1 () {60 vars in 1503 bytes} [Sun Oct 10 22:50:35 2021] GET /userinfo/ => generated 40472 bytes in 25 msecs (HTTP/1.1 200) 5 headers in 293 bytes (1 switches on core 0)
{address space usage: 158629888 bytes/151MB} {rss usage: 37564416 bytes/35MB} [pid: 19|app: 0|req: 9/10] 172.21.0.1 () {64 vars in 1565 bytes} [Sun Oct 10 22:50:35 2021] POST /get_notice/ => generated 72 bytes in 11 msecs (HTTP/1.1 200) 4 headers in 122 bytes (1 switches on core 0)
{address space usage: 158629888 bytes/151MB} {rss usage: 37806080 bytes/36MB} [pid: 19|app: 0|req: 10/11] 172.21.0.1 () {60 vars in 1499 bytes} [Sun Oct 10 22:50:39 2021] GET /userinfo/3 => generated 33479 bytes in 47 msecs (HTTP/1.1 200) 5 headers in 293 bytes (1 switches on core 0)
{address space usage: 158629888 bytes/151MB} {rss usage: 37806080 bytes/36MB} [pid: 19|app: 0|req: 11/12] 172.21.0.1 () {64 vars in 1566 bytes} [Sun Oct 10 22:50:40 2021] POST /get_notice/ => generated 72 bytes in 11 msecs (HTTP/1.1 200) 4 headers in 122 bytes (1 switches on core 0)
{address space usage: 158629888 bytes/151MB} {rss usage: 37806080 bytes/36MB} [pid: 19|app: 0|req: 12/13] 172.21.0.1 () {64 vars in 1565 bytes} [Sun Oct 10 22:50:41 2021] POST /get_notice/ => generated 72 bytes in 9 msecs (HTTP/1.1 200) 4 headers in 122 bytes (1 switches on core 0)
{address space usage: 158629888 bytes/151MB} {rss usage: 37806080 bytes/36MB} [pid: 19|app: 0|req: 13/14] 172.21.0.1 () {60 vars in 1489 bytes} [Sun Oct 10 22:50:43 2021] GET /home/ => generated 26937 bytes in 21 msecs (HTTP/1.1 200) 5 headers in 293 bytes (1 switches on core 0)
{address space usage: 158629888 bytes/151MB} {rss usage: 37806080 bytes/36MB} [pid: 19|app: 0|req: 14/15] 172.21.0.1 () {64 vars in 1561 bytes} [Sun Oct 10 22:50:43 2021] POST /get_notice/ => generated 72 bytes in 10 msecs (HTTP/1.1 200) 4 headers in 122 bytes (1 switches on core 0)
*** Starting uWSGI 2.0.18 (64bit) on [Mon Oct 11 03:43:07 2021] ***
compiled with version: 10.2.1 20210110 on 11 October 2021 03:40:42
os: Linux-4.19.128-microsoft-standard #1 SMP Tue Jun 23 12:58:10 UTC 2020
nodename: 263e8a60ac1a
machine: x86_64
clock source: unix
pcre jit disabled
detected number of CPU cores: 8
current working directory: /var/LabManager
writing pidfile to /tmp/LabManager-master.pid
detected binary path: /usr/local/bin/uwsgi
chdir() to /var/LabManager
your memory page size is 4096 bytes
 *** WARNING: you have enabled harakiri without post buffering. Slow upload could be rejected on post-unbuffered webservers *** 
detected max file descriptor number: 1048576
lock engine: pthread robust mutexes
thunder lock: disabled (you can enable it with --thunder-lock)
uWSGI http bound on 0.0.0.0:9000 fd 3
uwsgi socket 0 bound to TCP address 0.0.0.0:8000 fd 6
setgid() to 33
setuid() to 33
Python version: 3.7.12 (default, Sep 28 2021, 19:43:27)  [GCC 10.2.1 20210110]
Python main interpreter initialized at 0x56151618cd90
python threads support enabled
your server socket listen backlog is limited to 100 connections
your mercy for graceful operations on workers is 60 seconds
mapped 403077 bytes (393 KB) for 2 cores
*** Operational MODE: preforking ***
WSGI app 0 (mountpoint='') ready in 1 seconds on interpreter 0x56151618cd90 pid: 15 (default app)
*** uWSGI is running in multiple interpreter mode ***
spawned uWSGI master process (pid: 15)
spawned uWSGI worker 1 (pid: 16, cores: 1)
spawned uWSGI worker 2 (pid: 18, cores: 1)
Python auto-reloader enabled
spawned uWSGI http 1 (pid: 20)
{address space usage: 152944640 bytes/145MB} {rss usage: 32710656 bytes/31MB} [pid: 16|app: 0|req: 1/1] 172.21.0.1 () {58 vars in 1424 bytes} [Mon Oct 11 11:43:19 2021] GET / => generated 0 bytes in 200 msecs (HTTP/1.1 302) 5 headers in 150 bytes (1 switches on core 0)
{address space usage: 153079808 bytes/145MB} {rss usage: 32731136 bytes/31MB} [pid: 18|app: 0|req: 1/2] 172.21.0.1 () {58 vars in 1449 bytes} [Mon Oct 11 11:43:19 2021] GET /login/?next=/ => generated 6136 bytes in 639 msecs (HTTP/1.1 200) 5 headers in 292 bytes (1 switches on core 0)
{address space usage: 153665536 bytes/146MB} {rss usage: 34447360 bytes/32MB} [pid: 18|app: 0|req: 2/3] 172.21.0.1 () {68 vars in 1691 bytes} [Mon Oct 11 11:43:28 2021] POST /login/?next=/ => generated 6196 bytes in 207 msecs (HTTP/1.1 200) 5 headers in 292 bytes (1 switches on core 0)
{address space usage: 153665536 bytes/146MB} {rss usage: 35295232 bytes/33MB} [pid: 18|app: 0|req: 3/4] 172.21.0.1 () {68 vars in 1691 bytes} [Mon Oct 11 11:43:40 2021] POST /login/?next=/ => generated 6196 bytes in 149 msecs (HTTP/1.1 200) 5 headers in 292 bytes (1 switches on core 0)
{address space usage: 153665536 bytes/146MB} {rss usage: 35295232 bytes/33MB} [pid: 18|app: 0|req: 4/5] 172.21.0.1 () {68 vars in 1691 bytes} [Mon Oct 11 11:43:48 2021] POST /login/?next=/ => generated 6196 bytes in 134 msecs (HTTP/1.1 200) 5 headers in 292 bytes (1 switches on core 0)
{address space usage: 154189824 bytes/147MB} {rss usage: 35635200 bytes/33MB} [pid: 18|app: 0|req: 5/6] 172.21.0.1 () {68 vars in 1691 bytes} [Mon Oct 11 11:43:57 2021] POST /login/?next=/ => generated 0 bytes in 272 msecs (HTTP/1.1 302) 7 headers in 450 bytes (1 switches on core 0)
{address space usage: 154353664 bytes/147MB} {rss usage: 35856384 bytes/34MB} [pid: 18|app: 0|req: 6/7] 172.21.0.1 () {62 vars in 1557 bytes} [Mon Oct 11 11:43:57 2021] GET / => generated 26965 bytes in 109 msecs (HTTP/1.1 200) 5 headers in 293 bytes (1 switches on core 0)
{address space usage: 154353664 bytes/147MB} {rss usage: 35958784 bytes/34MB} [pid: 18|app: 0|req: 7/8] 172.21.0.1 () {64 vars in 1599 bytes} [Mon Oct 11 11:43:58 2021] POST /get_notice/ => generated 53 bytes in 13 msecs (HTTP/1.1 200) 4 headers in 122 bytes (1 switches on core 0)
{address space usage: 152944640 bytes/145MB} {rss usage: 32710656 bytes/31MB} [pid: 16|app: 0|req: 2/9] 172.21.0.1 () {60 vars in 1521 bytes} [Mon Oct 11 11:44:05 2021] GET /home => generated 0 bytes in 3 msecs (HTTP/1.1 301) 3 headers in 111 bytes (1 switches on core 0)
{address space usage: 154353664 bytes/147MB} {rss usage: 36036608 bytes/34MB} [pid: 18|app: 0|req: 8/10] 172.21.0.1 () {60 vars in 1523 bytes} [Mon Oct 11 11:44:05 2021] GET /home/ => generated 26965 bytes in 48 msecs (HTTP/1.1 200) 5 headers in 293 bytes (1 switches on core 0)
{address space usage: 154353664 bytes/147MB} {rss usage: 36036608 bytes/34MB} [pid: 18|app: 0|req: 9/11] 172.21.0.1 () {64 vars in 1604 bytes} [Mon Oct 11 11:44:06 2021] POST /get_notice/ => generated 53 bytes in 14 msecs (HTTP/1.1 200) 4 headers in 122 bytes (1 switches on core 0)
{address space usage: 154533888 bytes/147MB} {rss usage: 36036608 bytes/34MB} [pid: 18|app: 0|req: 10/12] 172.21.0.1 () {60 vars in 1538 bytes} [Mon Oct 11 11:44:08 2021] GET /statistic/ => generated 28170 bytes in 47 msecs (HTTP/1.1 200) 5 headers in 293 bytes (1 switches on core 0)
{address space usage: 154533888 bytes/147MB} {rss usage: 36036608 bytes/34MB} [pid: 18|app: 0|req: 11/13] 172.21.0.1 () {64 vars in 1609 bytes} [Mon Oct 11 11:44:09 2021] POST /get_notice/ => generated 53 bytes in 47 msecs (HTTP/1.1 200) 4 headers in 122 bytes (1 switches on core 0)
{address space usage: 154533888 bytes/147MB} {rss usage: 36454400 bytes/34MB} [pid: 18|app: 0|req: 12/14] 172.21.0.1 () {64 vars in 1607 bytes} [Mon Oct 11 11:44:09 2021] POST /statistic/ => generated 378 bytes in 67 msecs (HTTP/1.1 200) 4 headers in 123 bytes (1 switches on core 0)
{address space usage: 154685440 bytes/147MB} {rss usage: 36519936 bytes/34MB} [pid: 18|app: 0|req: 13/15] 172.21.0.1 () {60 vars in 1541 bytes} [Mon Oct 11 11:45:07 2021] GET /userinfo/ => generated 38870 bytes in 70 msecs (HTTP/1.1 200) 5 headers in 293 bytes (1 switches on core 0)
{address space usage: 154685440 bytes/147MB} {rss usage: 36519936 bytes/34MB} [pid: 18|app: 0|req: 14/16] 172.21.0.1 () {64 vars in 1608 bytes} [Mon Oct 11 11:45:07 2021] POST /get_notice/ => generated 53 bytes in 87 msecs (HTTP/1.1 200) 4 headers in 122 bytes (1 switches on core 0)
{address space usage: 154685440 bytes/147MB} {rss usage: 36519936 bytes/34MB} [pid: 18|app: 0|req: 15/17] 172.21.0.1 () {60 vars in 1532 bytes} [Mon Oct 11 11:45:19 2021] GET /home/ => generated 26965 bytes in 51 msecs (HTTP/1.1 200) 5 headers in 293 bytes (1 switches on core 0)
{address space usage: 154685440 bytes/147MB} {rss usage: 36519936 bytes/34MB} [pid: 18|app: 0|req: 16/18] 172.21.0.1 () {64 vars in 1604 bytes} [Mon Oct 11 11:45:20 2021] POST /get_notice/ => generated 53 bytes in 16 msecs (HTTP/1.1 200) 4 headers in 122 bytes (1 switches on core 0)
*** Starting uWSGI 2.0.18 (64bit) on [Mon Oct 11 06:16:07 2021] ***
compiled with version: 10.2.1 20210110 on 11 October 2021 03:40:42
os: Linux-4.19.128-microsoft-standard #1 SMP Tue Jun 23 12:58:10 UTC 2020
nodename: 81f0715d5c26
machine: x86_64
clock source: unix
pcre jit disabled
detected number of CPU cores: 8
current working directory: /var/LabManager
writing pidfile to /tmp/LabManager-master.pid
detected binary path: /usr/local/bin/uwsgi
chdir() to /var/LabManager
your memory page size is 4096 bytes
 *** WARNING: you have enabled harakiri without post buffering. Slow upload could be rejected on post-unbuffered webservers *** 
detected max file descriptor number: 1048576
lock engine: pthread robust mutexes
thunder lock: disabled (you can enable it with --thunder-lock)
uWSGI http bound on 0.0.0.0:9000 fd 3
uwsgi socket 0 bound to TCP address 0.0.0.0:8000 fd 6
setgid() to 33
setuid() to 33
Python version: 3.7.12 (default, Sep 28 2021, 19:43:27)  [GCC 10.2.1 20210110]
Python main interpreter initialized at 0x565169613d90
python threads support enabled
your server socket listen backlog is limited to 100 connections
your mercy for graceful operations on workers is 60 seconds
mapped 403077 bytes (393 KB) for 2 cores
*** Operational MODE: preforking ***
WSGI app 0 (mountpoint='') ready in 1 seconds on interpreter 0x565169613d90 pid: 16 (default app)
*** uWSGI is running in multiple interpreter mode ***
spawned uWSGI master process (pid: 16)
spawned uWSGI worker 1 (pid: 17, cores: 1)
spawned uWSGI worker 2 (pid: 18, cores: 1)
Python auto-reloader enabled
spawned uWSGI http 1 (pid: 21)
{address space usage: 153812992 bytes/146MB} {rss usage: 34824192 bytes/33MB} [pid: 18|app: 0|req: 1/1] 172.22.0.1 () {60 vars in 1499 bytes} [Mon Oct 11 14:16:11 2021] GET / => generated 26965 bytes in 1145 msecs (HTTP/1.1 200) 5 headers in 293 bytes (1 switches on core 0)
{address space usage: 154075136 bytes/146MB} {rss usage: 35028992 bytes/33MB} [pid: 18|app: 0|req: 2/2] 172.22.0.1 () {64 vars in 1599 bytes} [Mon Oct 11 14:16:13 2021] POST /get_notice/ => generated 53 bytes in 164 msecs (HTTP/1.1 200) 4 headers in 122 bytes (1 switches on core 0)
{address space usage: 154075136 bytes/146MB} {rss usage: 35028992 bytes/33MB} [pid: 18|app: 0|req: 3/3] 172.22.0.1 () {60 vars in 1523 bytes} [Mon Oct 11 14:16:26 2021] GET /home/ => generated 26965 bytes in 28 msecs (HTTP/1.1 200) 5 headers in 293 bytes (1 switches on core 0)
{address space usage: 154075136 bytes/146MB} {rss usage: 35028992 bytes/33MB} [pid: 18|app: 0|req: 4/4] 172.22.0.1 () {64 vars in 1604 bytes} [Mon Oct 11 14:16:26 2021] POST /get_notice/ => generated 53 bytes in 82 msecs (HTTP/1.1 200) 4 headers in 122 bytes (1 switches on core 0)
{address space usage: 154398720 bytes/147MB} {rss usage: 35385344 bytes/33MB} [pid: 18|app: 0|req: 5/5] 172.22.0.1 () {60 vars in 1536 bytes} [Mon Oct 11 14:16:27 2021] GET /userinfo/ => generated 38870 bytes in 66 msecs (HTTP/1.1 200) 5 headers in 293 bytes (1 switches on core 0)
{address space usage: 153366528 bytes/146MB} {rss usage: 34410496 bytes/32MB} [pid: 17|app: 0|req: 1/6] 172.22.0.1 () {64 vars in 1608 bytes} [Mon Oct 11 14:16:28 2021] POST /get_notice/ => generated 53 bytes in 183 msecs (HTTP/1.1 200) 4 headers in 122 bytes (1 switches on core 0)
{address space usage: 154660864 bytes/147MB} {rss usage: 35676160 bytes/34MB} [pid: 18|app: 0|req: 6/7] 172.22.0.1 () {56 vars in 1052 bytes} [Mon Oct 11 14:16:34 2021] GET /userinfo/ => generated 0 bytes in 50 msecs (HTTP/1.1 302) 5 headers in 159 bytes (1 switches on core 0)
{address space usage: 154660864 bytes/147MB} {rss usage: 35676160 bytes/34MB} [pid: 18|app: 0|req: 7/8] 172.22.0.1 () {56 vars in 1077 bytes} [Mon Oct 11 14:16:34 2021] GET /login/?next=/userinfo/ => generated 6136 bytes in 12 msecs (HTTP/1.1 200) 5 headers in 292 bytes (1 switches on core 0)
{address space usage: 154660864 bytes/147MB} {rss usage: 35676160 bytes/34MB} [pid: 18|app: 0|req: 8/9] 172.22.0.1 () {68 vars in 1417 bytes} [Mon Oct 11 14:16:54 2021] POST /login/?next=/userinfo/ => generated 6196 bytes in 139 msecs (HTTP/1.1 200) 5 headers in 292 bytes (1 switches on core 0)
{address space usage: 154660864 bytes/147MB} {rss usage: 35676160 bytes/34MB} [pid: 18|app: 0|req: 9/10] 172.22.0.1 () {68 vars in 1417 bytes} [Mon Oct 11 14:17:08 2021] POST /login/?next=/userinfo/ => generated 6196 bytes in 140 msecs (HTTP/1.1 200) 5 headers in 292 bytes (1 switches on core 0)
{address space usage: 154660864 bytes/147MB} {rss usage: 36007936 bytes/34MB} [pid: 18|app: 0|req: 10/11] 172.22.0.1 () {68 vars in 1417 bytes} [Mon Oct 11 14:17:17 2021] POST /login/?next=/userinfo/ => generated 0 bytes in 291 msecs (HTTP/1.1 302) 7 headers in 459 bytes (1 switches on core 0)
{address space usage: 154660864 bytes/147MB} {rss usage: 36122624 bytes/34MB} [pid: 18|app: 0|req: 11/12] 172.22.0.1 () {62 vars in 1283 bytes} [Mon Oct 11 14:17:17 2021] GET /userinfo/ => generated 38870 bytes in 35 msecs (HTTP/1.1 200) 5 headers in 293 bytes (1 switches on core 0)
{address space usage: 153628672 bytes/146MB} {rss usage: 34414592 bytes/32MB} [pid: 17|app: 0|req: 2/13] 172.22.0.1 () {64 vars in 1318 bytes} [Mon Oct 11 14:17:17 2021] POST /get_notice/ => generated 53 bytes in 15 msecs (HTTP/1.1 200) 4 headers in 122 bytes (1 switches on core 0)
{address space usage: 154923008 bytes/147MB} {rss usage: 36175872 bytes/34MB} [pid: 18|app: 0|req: 12/14] 172.22.0.1 () {62 vars in 1567 bytes} [Mon Oct 11 14:18:06 2021] GET /userinfo/ => generated 38870 bytes in 61 msecs (HTTP/1.1 200) 5 headers in 293 bytes (1 switches on core 0)
{address space usage: 154923008 bytes/147MB} {rss usage: 36175872 bytes/34MB} [pid: 18|app: 0|req: 13/15] 172.22.0.1 () {64 vars in 1608 bytes} [Mon Oct 11 14:18:06 2021] POST /get_notice/ => generated 53 bytes in 12 msecs (HTTP/1.1 200) 4 headers in 122 bytes (1 switches on core 0)
{address space usage: 154923008 bytes/147MB} {rss usage: 36175872 bytes/34MB} [pid: 18|app: 0|req: 14/16] 172.22.0.1 () {60 vars in 1550 bytes} [Mon Oct 11 14:18:33 2021] GET /home/myprofile => generated 0 bytes in 12 msecs (HTTP/1.1 301) 3 headers in 121 bytes (1 switches on core 0)
{address space usage: 154923008 bytes/147MB} {rss usage: 36175872 bytes/34MB} [pid: 18|app: 0|req: 15/17] 172.22.0.1 () {60 vars in 1552 bytes} [Mon Oct 11 14:18:33 2021] GET /home/myprofile/ => generated 36584 bytes in 49 msecs (HTTP/1.1 200) 5 headers in 293 bytes (1 switches on core 0)
{address space usage: 154923008 bytes/147MB} {rss usage: 36175872 bytes/34MB} [pid: 18|app: 0|req: 16/18] 172.22.0.1 () {64 vars in 1614 bytes} [Mon Oct 11 14:18:34 2021] POST /get_notice/ => generated 53 bytes in 13 msecs (HTTP/1.1 200) 4 headers in 122 bytes (1 switches on core 0)
{address space usage: 154923008 bytes/147MB} {rss usage: 36175872 bytes/34MB} [pid: 18|app: 0|req: 17/19] 172.22.0.1 () {64 vars in 1623 bytes} [Mon Oct 11 14:18:43 2021] POST /update-avatar/ => generated 72 bytes in 51 msecs (HTTP/1.1 200) 4 headers in 122 bytes (1 switches on core 0)
{address space usage: 154923008 bytes/147MB} {rss usage: 36175872 bytes/34MB} [pid: 18|app: 0|req: 18/20] 172.22.0.1 () {60 vars in 1538 bytes} [Mon Oct 11 14:18:49 2021] GET /home/ => generated 26965 bytes in 49 msecs (HTTP/1.1 200) 5 headers in 293 bytes (1 switches on core 0)
{address space usage: 153628672 bytes/146MB} {rss usage: 34414592 bytes/32MB} [pid: 17|app: 0|req: 3/21] 172.22.0.1 () {64 vars in 1604 bytes} [Mon Oct 11 14:18:50 2021] POST /get_notice/ => generated 53 bytes in 13 msecs (HTTP/1.1 200) 4 headers in 122 bytes (1 switches on core 0)
{address space usage: 154923008 bytes/147MB} {rss usage: 36175872 bytes/34MB} [pid: 18|app: 0|req: 19/22] 172.22.0.1 () {60 vars in 1536 bytes} [Mon Oct 11 14:18:54 2021] GET /userinfo/ => generated 38870 bytes in 60 msecs (HTTP/1.1 200) 5 headers in 293 bytes (1 switches on core 0)
{address space usage: 154923008 bytes/147MB} {rss usage: 36175872 bytes/34MB} [pid: 18|app: 0|req: 20/23] 172.22.0.1 () {64 vars in 1608 bytes} [Mon Oct 11 14:18:54 2021] POST /get_notice/ => generated 53 bytes in 13 msecs (HTTP/1.1 200) 4 headers in 122 bytes (1 switches on core 0)
{address space usage: 154923008 bytes/147MB} {rss usage: 36175872 bytes/34MB} [pid: 18|app: 0|req: 21/24] 172.22.0.1 () {60 vars in 1542 bytes} [Mon Oct 11 14:19:12 2021] GET /userinfo/2 => generated 32831 bytes in 115 msecs (HTTP/1.1 200) 5 headers in 293 bytes (1 switches on core 0)
{address space usage: 154923008 bytes/147MB} {rss usage: 36175872 bytes/34MB} [pid: 18|app: 0|req: 22/25] 172.22.0.1 () {64 vars in 1609 bytes} [Mon Oct 11 14:19:12 2021] POST /get_notice/ => generated 53 bytes in 12 msecs (HTTP/1.1 200) 4 headers in 122 bytes (1 switches on core 0)
{address space usage: 153628672 bytes/146MB} {rss usage: 34414592 bytes/32MB} [pid: 17|app: 0|req: 4/26] 172.22.0.1 () {64 vars in 1608 bytes} [Mon Oct 11 14:19:14 2021] POST /get_notice/ => generated 53 bytes in 11 msecs (HTTP/1.1 200) 4 headers in 122 bytes (1 switches on core 0)
[uwsgi-python-reloader] module/file ./LabManager/settings.py has been modified
[uwsgi-python-reloader] module/file ./LabManager/settings.py has been modified
gateway "uWSGI http 1" has been buried (pid: 21)
...gracefully killing workers...
Gracefully killing worker 2 (pid: 18)...
Gracefully killing worker 1 (pid: 17)...
worker 1 buried after 1 seconds
worker 2 buried after 1 seconds
binary reloading uWSGI...
chdir() to /var/LabManager
closing all non-uwsgi socket fds > 2 (max_fd = 1048576)...
found fd 6 mapped to socket 0 (0.0.0.0:8000)
running /usr/local/bin/uwsgi
[uWSGI] getting INI configuration from /var/LabManager/uwsgi.ini
*** Starting uWSGI 2.0.18 (64bit) on [Mon Oct 11 15:33:35 2021] ***
compiled with version: 10.2.1 20210110 on 11 October 2021 03:40:42
os: Linux-4.19.128-microsoft-standard #1 SMP Tue Jun 23 12:58:10 UTC 2020
nodename: 81f0715d5c26
machine: x86_64
clock source: unix
pcre jit disabled
detected number of CPU cores: 8
current working directory: /var/LabManager
detected binary path: /usr/local/bin/uwsgi
chdir() to /var/LabManager
your memory page size is 4096 bytes
 *** WARNING: you have enabled harakiri without post buffering. Slow upload could be rejected on post-unbuffered webservers *** 
detected max file descriptor number: 1048576
lock engine: pthread robust mutexes
thunder lock: disabled (you can enable it with --thunder-lock)
uWSGI http bound on 0.0.0.0:9000 fd 3
uwsgi socket 0 inherited INET address 0.0.0.0:8000 fd 6
Python version: 3.7.12 (default, Sep 28 2021, 19:43:27)  [GCC 10.2.1 20210110]
Python main interpreter initialized at 0x55ff96dec410
python threads support enabled
your server socket listen backlog is limited to 100 connections
your mercy for graceful operations on workers is 60 seconds
mapped 403077 bytes (393 KB) for 2 cores
*** Operational MODE: preforking ***
WSGI app 0 (mountpoint='') ready in 0 seconds on interpreter 0x55ff96dec410 pid: 16 (default app)
*** uWSGI is running in multiple interpreter mode ***
gracefully (RE)spawned uWSGI master process (pid: 16)
spawned uWSGI worker 1 (pid: 22, cores: 1)
spawned uWSGI worker 2 (pid: 23, cores: 1)
spawned uWSGI http 1 (pid: 26)
Python auto-reloader enabled
Internal Server Error: /
Traceback (most recent call last):
  File "/usr/local/lib/python3.7/site-packages/django/contrib/sessions/backends/base.py", line 189, in _get_session
    return self._session_cache
AttributeError: 'SessionStore' object has no attribute '_session_cache'

During handling of the above exception, another exception occurred:

Traceback (most recent call last):
  File "/usr/local/lib/python3.7/site-packages/django/db/backends/base/base.py", line 217, in ensure_connection
    self.connect()
  File "/usr/local/lib/python3.7/site-packages/django/db/backends/base/base.py", line 195, in connect
    self.connection = self.get_new_connection(conn_params)
  File "/usr/local/lib/python3.7/site-packages/django/db/backends/mysql/base.py", line 227, in get_new_connection
    return Database.connect(**conn_params)
  File "/usr/local/lib/python3.7/site-packages/MySQLdb/__init__.py", line 130, in Connect
    return Connection(*args, **kwargs)
  File "/usr/local/lib/python3.7/site-packages/MySQLdb/connections.py", line 185, in __init__
    super().__init__(*args, **kwargs2)
MySQLdb._exceptions.OperationalError: (2002, "Can't connect to MySQL server on '127.0.0.1' (115)")

The above exception was the direct cause of the following exception:

Traceback (most recent call last):
  File "/usr/local/lib/python3.7/site-packages/django/core/handlers/exception.py", line 34, in inner
    response = get_response(request)
  File "/usr/local/lib/python3.7/site-packages/django/core/handlers/base.py", line 115, in _get_response
    response = self.process_exception_by_middleware(e, request)
  File "/usr/local/lib/python3.7/site-packages/django/core/handlers/base.py", line 113, in _get_response
    response = wrapped_callback(request, *callback_args, **callback_kwargs)
  File "/usr/local/lib/python3.7/site-packages/django/contrib/auth/decorators.py", line 20, in _wrapped_view
    if test_func(request.user):
  File "/usr/local/lib/python3.7/site-packages/django/contrib/auth/decorators.py", line 44, in <lambda>
    lambda u: u.is_authenticated,
  File "/usr/local/lib/python3.7/site-packages/django/utils/functional.py", line 256, in inner
    self._setup()
  File "/usr/local/lib/python3.7/site-packages/django/utils/functional.py", line 392, in _setup
    self._wrapped = self._setupfunc()
  File "/usr/local/lib/python3.7/site-packages/django/contrib/auth/middleware.py", line 24, in <lambda>
    request.user = SimpleLazyObject(lambda: get_user(request))
  File "/usr/local/lib/python3.7/site-packages/django/contrib/auth/middleware.py", line 12, in get_user
    request._cached_user = auth.get_user(request)
  File "/usr/local/lib/python3.7/site-packages/django/contrib/auth/__init__.py", line 182, in get_user
    user_id = _get_user_session_key(request)
  File "/usr/local/lib/python3.7/site-packages/django/contrib/auth/__init__.py", line 59, in _get_user_session_key
    return get_user_model()._meta.pk.to_python(request.session[SESSION_KEY])
  File "/usr/local/lib/python3.7/site-packages/django/contrib/sessions/backends/base.py", line 54, in __getitem__
    return self._session[key]
  File "/usr/local/lib/python3.7/site-packages/django/contrib/sessions/backends/base.py", line 194, in _get_session
    self._session_cache = self.load()
  File "/usr/local/lib/python3.7/site-packages/django/contrib/sessions/backends/db.py", line 43, in load
    s = self._get_session_from_db()
  File "/usr/local/lib/python3.7/site-packages/django/contrib/sessions/backends/db.py", line 34, in _get_session_from_db
    expire_date__gt=timezone.now()
  File "/usr/local/lib/python3.7/site-packages/django/db/models/manager.py", line 82, in manager_method
    return getattr(self.get_queryset(), name)(*args, **kwargs)
  File "/usr/local/lib/python3.7/site-packages/django/db/models/query.py", line 402, in get
    num = len(clone)
  File "/usr/local/lib/python3.7/site-packages/django/db/models/query.py", line 256, in __len__
    self._fetch_all()
  File "/usr/local/lib/python3.7/site-packages/django/db/models/query.py", line 1242, in _fetch_all
    self._result_cache = list(self._iterable_class(self))
  File "/usr/local/lib/python3.7/site-packages/django/db/models/query.py", line 55, in __iter__
    results = compiler.execute_sql(chunked_fetch=self.chunked_fetch, chunk_size=self.chunk_size)
  File "/usr/local/lib/python3.7/site-packages/django/db/models/sql/compiler.py", line 1138, in execute_sql
    cursor = self.connection.cursor()
  File "/usr/local/lib/python3.7/site-packages/django/db/backends/base/base.py", line 256, in cursor
    return self._cursor()
  File "/usr/local/lib/python3.7/site-packages/django/db/backends/base/base.py", line 233, in _cursor
    self.ensure_connection()
  File "/usr/local/lib/python3.7/site-packages/django/db/backends/base/base.py", line 217, in ensure_connection
    self.connect()
  File "/usr/local/lib/python3.7/site-packages/django/db/utils.py", line 89, in __exit__
    raise dj_exc_value.with_traceback(traceback) from exc_value
  File "/usr/local/lib/python3.7/site-packages/django/db/backends/base/base.py", line 217, in ensure_connection
    self.connect()
  File "/usr/local/lib/python3.7/site-packages/django/db/backends/base/base.py", line 195, in connect
    self.connection = self.get_new_connection(conn_params)
  File "/usr/local/lib/python3.7/site-packages/django/db/backends/mysql/base.py", line 227, in get_new_connection
    return Database.connect(**conn_params)
  File "/usr/local/lib/python3.7/site-packages/MySQLdb/__init__.py", line 130, in Connect
    return Connection(*args, **kwargs)
  File "/usr/local/lib/python3.7/site-packages/MySQLdb/connections.py", line 185, in __init__
    super().__init__(*args, **kwargs2)
django.db.utils.OperationalError: (2002, "Can't connect to MySQL server on '127.0.0.1' (115)")
{address space usage: 156286976 bytes/149MB} {rss usage: 36364288 bytes/34MB} [pid: 22|app: 0|req: 1/1] 172.22.0.1 () {58 vars in 1425 bytes} [Mon Oct 11 15:51:03 2021] GET / => generated 230297 bytes in 437 msecs (HTTP/1.1 500) 4 headers in 130 bytes (2 switches on core 0)
Not Found: /favicon.ico
{address space usage: 156286976 bytes/149MB} {rss usage: 36364288 bytes/34MB} [pid: 22|app: 0|req: 2/2] 172.22.0.1 () {56 vars in 1357 bytes} [Mon Oct 11 15:51:04 2021] GET /favicon.ico => generated 4897 bytes in 10 msecs (HTTP/1.1 404) 3 headers in 102 bytes (1 switches on core 0)
[uwsgi-python-reloader] module/file ./LabManager/settings.py has been modified
gateway "uWSGI http 1" has been buried (pid: 26)
...gracefully killing workers...
Gracefully killing worker 1 (pid: 22)...
Gracefully killing worker 2 (pid: 23)...
worker 1 buried after 1 seconds
worker 2 buried after 1 seconds
binary reloading uWSGI...
chdir() to /var/LabManager
closing all non-uwsgi socket fds > 2 (max_fd = 1048576)...
found fd 6 mapped to socket 0 (0.0.0.0:8000)
running /usr/local/bin/uwsgi
[uWSGI] getting INI configuration from /var/LabManager/uwsgi.ini
*** Starting uWSGI 2.0.18 (64bit) on [Mon Oct 11 16:02:09 2021] ***
compiled with version: 10.2.1 20210110 on 11 October 2021 03:40:42
os: Linux-4.19.128-microsoft-standard #1 SMP Tue Jun 23 12:58:10 UTC 2020
nodename: 81f0715d5c26
machine: x86_64
clock source: unix
pcre jit disabled
detected number of CPU cores: 8
current working directory: /var/LabManager
detected binary path: /usr/local/bin/uwsgi
chdir() to /var/LabManager
your memory page size is 4096 bytes
 *** WARNING: you have enabled harakiri without post buffering. Slow upload could be rejected on post-unbuffered webservers *** 
detected max file descriptor number: 1048576
lock engine: pthread robust mutexes
thunder lock: disabled (you can enable it with --thunder-lock)
uWSGI http bound on 0.0.0.0:9000 fd 3
uwsgi socket 0 inherited INET address 0.0.0.0:8000 fd 6
Python version: 3.7.12 (default, Sep 28 2021, 19:43:27)  [GCC 10.2.1 20210110]
Python main interpreter initialized at 0x561c70bb6410
python threads support enabled
your server socket listen backlog is limited to 100 connections
your mercy for graceful operations on workers is 60 seconds
mapped 403077 bytes (393 KB) for 2 cores
*** Operational MODE: preforking ***
WSGI app 0 (mountpoint='') ready in 0 seconds on interpreter 0x561c70bb6410 pid: 16 (default app)
*** uWSGI is running in multiple interpreter mode ***
gracefully (RE)spawned uWSGI master process (pid: 16)
spawned uWSGI worker 1 (pid: 27, cores: 1)
Python auto-reloader enabled
spawned uWSGI worker 2 (pid: 29, cores: 1)
spawned uWSGI http 1 (pid: 30)
{address space usage: 153808896 bytes/146MB} {rss usage: 35041280 bytes/33MB} [pid: 27|app: 0|req: 1/1] 172.22.0.1 () {58 vars in 1468 bytes} [Mon Oct 11 16:05:34 2021] GET / => generated 26965 bytes in 272 msecs (HTTP/1.1 200) 5 headers in 293 bytes (1 switches on core 0)
{address space usage: 153362432 bytes/146MB} {rss usage: 34619392 bytes/33MB} [pid: 29|app: 0|req: 1/2] 172.22.0.1 () {64 vars in 1599 bytes} [Mon Oct 11 16:05:35 2021] POST /get_notice/ => generated 53 bytes in 148 msecs (HTTP/1.1 200) 4 headers in 122 bytes (1 switches on core 0)
{address space usage: 154636288 bytes/147MB} {rss usage: 35966976 bytes/34MB} [pid: 29|app: 0|req: 2/3] 172.22.0.1 () {60 vars in 1541 bytes} [Mon Oct 11 16:15:25 2021] GET /order/history/ => generated 45644 bytes in 197 msecs (HTTP/1.1 200) 5 headers in 293 bytes (1 switches on core 0)
{address space usage: 154071040 bytes/146MB} {rss usage: 35241984 bytes/33MB} [pid: 27|app: 0|req: 2/4] 172.22.0.1 () {64 vars in 1613 bytes} [Mon Oct 11 16:15:25 2021] POST /get_notice/ => generated 53 bytes in 18 msecs (HTTP/1.1 200) 4 headers in 122 bytes (1 switches on core 0)
{address space usage: 157298688 bytes/150MB} {rss usage: 39038976 bytes/37MB} [pid: 29|app: 0|req: 3/5] 172.22.0.1 () {60 vars in 1570 bytes} [Mon Oct 11 16:15:31 2021] GET /order/history/?&scale= => generated 361427 bytes in 1029 msecs (HTTP/1.1 200) 5 headers in 294 bytes (2 switches on core 0)
{address space usage: 157298688 bytes/150MB} {rss usage: 39038976 bytes/37MB} [pid: 29|app: 0|req: 4/6] 172.22.0.1 () {64 vars in 1621 bytes} [Mon Oct 11 16:15:33 2021] POST /get_notice/ => generated 53 bytes in 30 msecs (HTTP/1.1 200) 4 headers in 122 bytes (1 switches on core 0)
*** Starting uWSGI 2.0.18 (64bit) on [Mon Oct 11 08:26:43 2021] ***
compiled with version: 10.2.1 20210110 on 11 October 2021 03:40:42
os: Linux-4.19.128-microsoft-standard #1 SMP Tue Jun 23 12:58:10 UTC 2020
nodename: 81f0715d5c26
machine: x86_64
clock source: unix
pcre jit disabled
detected number of CPU cores: 8
current working directory: /var/LabManager
writing pidfile to /tmp/LabManager-master.pid
detected binary path: /usr/local/bin/uwsgi
chdir() to /var/LabManager
your memory page size is 4096 bytes
 *** WARNING: you have enabled harakiri without post buffering. Slow upload could be rejected on post-unbuffered webservers *** 
detected max file descriptor number: 1048576
lock engine: pthread robust mutexes
thunder lock: disabled (you can enable it with --thunder-lock)
uWSGI http bound on 0.0.0.0:9000 fd 3
uwsgi socket 0 bound to TCP address 0.0.0.0:8000 fd 6
setgid() to 33
setuid() to 33
Python version: 3.7.12 (default, Sep 28 2021, 19:43:27)  [GCC 10.2.1 20210110]
Python main interpreter initialized at 0x55681ea15d90
python threads support enabled
your server socket listen backlog is limited to 100 connections
your mercy for graceful operations on workers is 60 seconds
mapped 403077 bytes (393 KB) for 2 cores
*** Operational MODE: preforking ***
WSGI app 0 (mountpoint='') ready in 1 seconds on interpreter 0x55681ea15d90 pid: 17 (default app)
*** uWSGI is running in multiple interpreter mode ***
spawned uWSGI master process (pid: 17)
spawned uWSGI worker 1 (pid: 18, cores: 1)
spawned uWSGI worker 2 (pid: 19, cores: 1)
Python auto-reloader enabled
spawned uWSGI http 1 (pid: 22)
{address space usage: 153812992 bytes/146MB} {rss usage: 35012608 bytes/33MB} [pid: 19|app: 0|req: 1/1] 172.22.0.1 () {60 vars in 1485 bytes} [Mon Oct 11 16:26:51 2021] GET / => generated 26965 bytes in 181 msecs (HTTP/1.1 200) 5 headers in 293 bytes (1 switches on core 0)
{address space usage: 153366528 bytes/146MB} {rss usage: 34611200 bytes/33MB} [pid: 18|app: 0|req: 1/2] 172.22.0.1 () {64 vars in 1582 bytes} [Mon Oct 11 16:26:52 2021] POST /get_notice/ => generated 53 bytes in 149 msecs (HTTP/1.1 200) 4 headers in 122 bytes (1 switches on core 0)
{address space usage: 154337280 bytes/147MB} {rss usage: 35409920 bytes/33MB} [pid: 19|app: 0|req: 2/3] 172.22.0.1 () {58 vars in 1418 bytes} [Mon Oct 11 16:34:39 2021] GET / => generated 0 bytes in 26 msecs (HTTP/1.1 302) 5 headers in 221 bytes (1 switches on core 0)
{address space usage: 154337280 bytes/147MB} {rss usage: 35409920 bytes/33MB} [pid: 19|app: 0|req: 3/4] 172.22.0.1 () {58 vars in 1399 bytes} [Mon Oct 11 16:34:39 2021] GET /login/?next=/ => generated 6136 bytes in 10 msecs (HTTP/1.1 200) 5 headers in 292 bytes (1 switches on core 0)
{address space usage: 154337280 bytes/147MB} {rss usage: 35893248 bytes/34MB} [pid: 19|app: 0|req: 4/5] 172.22.0.1 () {68 vars in 1631 bytes} [Mon Oct 11 16:34:42 2021] POST /login/?next=/ => generated 0 bytes in 128 msecs (HTTP/1.1 302) 7 headers in 450 bytes (1 switches on core 0)
{address space usage: 154337280 bytes/147MB} {rss usage: 36044800 bytes/34MB} [pid: 19|app: 0|req: 5/6] 172.22.0.1 () {62 vars in 1502 bytes} [Mon Oct 11 16:34:42 2021] GET / => generated 26965 bytes in 37 msecs (HTTP/1.1 200) 5 headers in 293 bytes (1 switches on core 0)
{address space usage: 154337280 bytes/147MB} {rss usage: 36044800 bytes/34MB} [pid: 19|app: 0|req: 6/7] 172.22.0.1 () {64 vars in 1539 bytes} [Mon Oct 11 16:34:43 2021] POST /get_notice/ => generated 53 bytes in 13 msecs (HTTP/1.1 200) 4 headers in 122 bytes (1 switches on core 0)
{address space usage: 154669056 bytes/147MB} {rss usage: 36106240 bytes/34MB} [pid: 19|app: 0|req: 7/8] 172.22.0.1 () {60 vars in 1488 bytes} [Mon Oct 11 16:34:45 2021] GET /home/myprofile/ => generated 36584 bytes in 37 msecs (HTTP/1.1 200) 5 headers in 293 bytes (1 switches on core 0)
{address space usage: 154669056 bytes/147MB} {rss usage: 36106240 bytes/34MB} [pid: 19|app: 0|req: 8/9] 172.22.0.1 () {64 vars in 1554 bytes} [Mon Oct 11 16:34:45 2021] POST /get_notice/ => generated 53 bytes in 12 msecs (HTTP/1.1 200) 4 headers in 122 bytes (1 switches on core 0)
{address space usage: 153772032 bytes/146MB} {rss usage: 34799616 bytes/33MB} [pid: 18|app: 0|req: 2/10] 172.22.0.1 () {64 vars in 1563 bytes} [Mon Oct 11 16:35:01 2021] POST /update-avatar/ => generated 72 bytes in 16 msecs (HTTP/1.1 200) 4 headers in 122 bytes (1 switches on core 0)
*** Starting uWSGI 2.0.18 (64bit) on [Tue Jun 14 08:42:37 2022] ***
compiled with version: 10.2.1 20210110 on 14 June 2022 08:25:31
os: Linux-4.19.128-microsoft-standard #1 SMP Tue Jun 23 12:58:10 UTC 2020
nodename: b4900166fbe1
machine: x86_64
clock source: unix
pcre jit disabled
detected number of CPU cores: 8
current working directory: /var/LabManager
writing pidfile to /tmp/LabManager-master.pid
detected binary path: /usr/local/bin/uwsgi
chdir() to /var/LabManager
your memory page size is 4096 bytes
 *** WARNING: you have enabled harakiri without post buffering. Slow upload could be rejected on post-unbuffered webservers *** 
detected max file descriptor number: 1048576
lock engine: pthread robust mutexes
thunder lock: disabled (you can enable it with --thunder-lock)
uWSGI http bound on 0.0.0.0:9000 fd 3
uwsgi socket 0 bound to TCP address 0.0.0.0:8000 fd 6
setgid() to 33
setuid() to 33
Python version: 3.7.13 (default, May 28 2022, 14:49:57)  [GCC 10.2.1 20210110]
Python main interpreter initialized at 0x559e2e294d90
python threads support enabled
your server socket listen backlog is limited to 100 connections
your mercy for graceful operations on workers is 60 seconds
mapped 403077 bytes (393 KB) for 2 cores
*** Operational MODE: preforking ***
WSGI app 0 (mountpoint='') ready in 2 seconds on interpreter 0x559e2e294d90 pid: 22 (default app)
*** uWSGI is running in multiple interpreter mode ***
spawned uWSGI master process (pid: 22)
spawned uWSGI worker 1 (pid: 23, cores: 1)
spawned uWSGI worker 2 (pid: 24, cores: 1)
spawned uWSGI http 1 (pid: 26)
Python auto-reloader enabled
gateway "uWSGI http 1" has been buried (pid: 26)
...gracefully killing workers...
Gracefully killing worker 1 (pid: 23)...
Gracefully killing worker 2 (pid: 24)...
worker 1 buried after 1 seconds
worker 2 buried after 1 seconds
binary reloading uWSGI...
chdir() to /var/LabManager
closing all non-uwsgi socket fds > 2 (max_fd = 1048576)...
found fd 6 mapped to socket 0 (0.0.0.0:8000)
running /usr/local/bin/uwsgi
[uWSGI] getting INI configuration from /var/LabManager/uwsgi.ini
*** Starting uWSGI 2.0.18 (64bit) on [Tue Jun 14 16:51:45 2022] ***
compiled with version: 10.2.1 20210110 on 14 June 2022 08:25:31
os: Linux-4.19.128-microsoft-standard #1 SMP Tue Jun 23 12:58:10 UTC 2020
nodename: b4900166fbe1
machine: x86_64
clock source: unix
pcre jit disabled
detected number of CPU cores: 8
current working directory: /var/LabManager
detected binary path: /usr/local/bin/uwsgi
chdir() to /var/LabManager
your memory page size is 4096 bytes
 *** WARNING: you have enabled harakiri without post buffering. Slow upload could be rejected on post-unbuffered webservers *** 
detected max file descriptor number: 1048576
lock engine: pthread robust mutexes
thunder lock: disabled (you can enable it with --thunder-lock)
uWSGI http bound on 0.0.0.0:9000 fd 3
uwsgi socket 0 inherited INET address 0.0.0.0:8000 fd 6
Python version: 3.7.13 (default, May 28 2022, 14:49:57)  [GCC 10.2.1 20210110]
Python main interpreter initialized at 0x562569047410
python threads support enabled
your server socket listen backlog is limited to 100 connections
your mercy for graceful operations on workers is 60 seconds
mapped 403077 bytes (393 KB) for 2 cores
*** Operational MODE: preforking ***
WSGI app 0 (mountpoint='') ready in 1 seconds on interpreter 0x562569047410 pid: 22 (default app)
*** uWSGI is running in multiple interpreter mode ***
gracefully (RE)spawned uWSGI master process (pid: 22)
spawned uWSGI worker 1 (pid: 45, cores: 1)
spawned uWSGI worker 2 (pid: 47, cores: 1)
Python auto-reloader enabled
spawned uWSGI http 1 (pid: 48)
SIGINT/SIGQUIT received...killing workers...
gateway "uWSGI http 1" has been buried (pid: 48)
worker 1 buried after 1 seconds
worker 2 buried after 1 seconds
goodbye to uWSGI.
VACUUM: pidfile removed.
*** Starting uWSGI 2.0.18 (64bit) on [Tue Jun 14 09:15:18 2022] ***
compiled with version: 10.2.1 20210110 on 14 June 2022 08:25:31
os: Linux-4.19.128-microsoft-standard #1 SMP Tue Jun 23 12:58:10 UTC 2020
nodename: 8b55f008071e
machine: x86_64
clock source: unix
pcre jit disabled
detected number of CPU cores: 8
current working directory: /var/LabManager
writing pidfile to /tmp/LabManager-master.pid
detected binary path: /usr/local/bin/uwsgi
chdir() to /var/LabManager
your memory page size is 4096 bytes
 *** WARNING: you have enabled harakiri without post buffering. Slow upload could be rejected on post-unbuffered webservers *** 
detected max file descriptor number: 1048576
lock engine: pthread robust mutexes
thunder lock: disabled (you can enable it with --thunder-lock)
uWSGI http bound on 0.0.0.0:9000 fd 3
uwsgi socket 0 bound to TCP address 0.0.0.0:8000 fd 6
setgid() to 33
setuid() to 33
Python version: 3.7.13 (default, May 28 2022, 14:49:57)  [GCC 10.2.1 20210110]
Python main interpreter initialized at 0x55903fb0bd90
python threads support enabled
your server socket listen backlog is limited to 100 connections
your mercy for graceful operations on workers is 60 seconds
mapped 403077 bytes (393 KB) for 2 cores
*** Operational MODE: preforking ***
WSGI app 0 (mountpoint='') ready in 1 seconds on interpreter 0x55903fb0bd90 pid: 37 (default app)
*** uWSGI is running in multiple interpreter mode ***
spawned uWSGI master process (pid: 37)
spawned uWSGI worker 1 (pid: 38, cores: 1)
spawned uWSGI worker 2 (pid: 39, cores: 1)
Python auto-reloader enabled
spawned uWSGI http 1 (pid: 42)
---------------------------SIGINT/SIGQUIT received...killing workers...
gateway "uWSGI http 1" has been buried (pid: 42)
worker 1 buried after 1 seconds
worker 2 buried after 1 seconds
goodbye to uWSGI.
*** Starting uWSGI 2.0.18 (64bit) on [Tue Jun 14 09:29:39 2022] ***
compiled with version: 10.2.1 20210110 on 14 June 2022 08:25:31
os: Linux-4.19.128-microsoft-standard #1 SMP Tue Jun 23 12:58:10 UTC 2020
nodename: 8b55f008071e
machine: x86_64
clock source: unix
pcre jit disabled
detected number of CPU cores: 8
current working directory: /var/LabManager
writing pidfile to /tmp/LabManager-master.pid
detected binary path: /usr/local/bin/uwsgi
chdir() to /var/LabManager
your memory page size is 4096 bytes
 *** WARNING: you have enabled harakiri without post buffering. Slow upload could be rejected on post-unbuffered webservers *** 
detected max file descriptor number: 1048576
lock engine: pthread robust mutexes
thunder lock: disabled (you can enable it with --thunder-lock)
uWSGI http bound on 0.0.0.0:9000 fd 3
uwsgi socket 0 bound to TCP address 0.0.0.0:8000 fd 6
setgid() to 33
setuid() to 33
Python version: 3.7.13 (default, May 28 2022, 14:49:57)  [GCC 10.2.1 20210110]
Python main interpreter initialized at 0x557a159c6d90
python threads support enabled
your server socket listen backlog is limited to 100 connections
your mercy for graceful operations on workers is 60 seconds
mapped 403077 bytes (393 KB) for 2 cores
*** Operational MODE: preforking ***
WSGI app 0 (mountpoint='') ready in 1 seconds on interpreter 0x557a159c6d90 pid: 68 (default app)
*** uWSGI is running in multiple interpreter mode ***
spawned uWSGI master process (pid: 68)
spawned uWSGI worker 1 (pid: 69, cores: 1)
spawned uWSGI worker 2 (pid: 70, cores: 1)
spawned uWSGI http 1 (pid: 73)
Python auto-reloader enabled
{address space usage: 152875008 bytes/145MB} {rss usage: 32411648 bytes/30MB} [pid: 70|app: 0|req: 1/1] 172.18.0.1 () {58 vars in 1310 bytes} [Tue Jun 14 17:30:37 2022] GET / => generated 0 bytes in 148 msecs (HTTP/1.1 302) 5 headers in 150 bytes (1 switches on core 0)
{address space usage: 153276416 bytes/146MB} {rss usage: 33103872 bytes/31MB} [pid: 70|app: 0|req: 2/2] 172.18.0.1 () {58 vars in 1335 bytes} [Tue Jun 14 17:30:37 2022] GET /login/?next=/ => generated 6136 bytes in 236 msecs (HTTP/1.1 200) 5 headers in 292 bytes (1 switches on core 0)
{address space usage: 153452544 bytes/146MB} {rss usage: 34983936 bytes/33MB} [pid: 69|app: 0|req: 1/3] 172.18.0.1 () {68 vars in 1567 bytes} [Tue Jun 14 17:30:43 2022] POST /login/?next=/ => generated 0 bytes in 511 msecs (HTTP/1.1 302) 7 headers in 450 bytes (1 switches on core 0)
{address space usage: 154259456 bytes/147MB} {rss usage: 35213312 bytes/33MB} [pid: 70|app: 0|req: 3/4] 172.18.0.1 () {62 vars in 1438 bytes} [Tue Jun 14 17:30:44 2022] GET / => generated 26895 bytes in 39 msecs (HTTP/1.1 200) 5 headers in 293 bytes (1 switches on core 0)
{address space usage: 154259456 bytes/147MB} {rss usage: 35213312 bytes/33MB} [pid: 70|app: 0|req: 4/5] 172.18.0.1 () {64 vars in 1475 bytes} [Tue Jun 14 17:30:44 2022] POST /get_notice/ => generated 72 bytes in 16 msecs (HTTP/1.1 200) 4 headers in 122 bytes (1 switches on core 0)
*** Starting uWSGI 2.0.18 (64bit) on [Wed Jun 15 03:05:59 2022] ***
*** Starting uWSGI 2.0.18 (64bit) on [Wed Jun 15 03:16:51 2022] ***
compiled with version: 10.2.1 20210110 on 15 June 2022 03:16:28
os: Linux-4.19.128-microsoft-standard #1 SMP Tue Jun 23 12:58:10 UTC 2020
nodename: 81424b98ae67
machine: x86_64
clock source: unix
pcre jit disabled
detected number of CPU cores: 8
current working directory: /var/LabManager
writing pidfile to /tmp/LabManager-master.pid
detected binary path: /usr/local/bin/uwsgi
chdir() to /var/LabManager
your memory page size is 4096 bytes
 *** WARNING: you have enabled harakiri without post buffering. Slow upload could be rejected on post-unbuffered webservers *** 
detected max file descriptor number: 1048576
lock engine: pthread robust mutexes
thunder lock: disabled (you can enable it with --thunder-lock)
uWSGI http bound on 0.0.0.0:9000 fd 3
uwsgi socket 0 bound to TCP address 0.0.0.0:8000 fd 6
setgid() to 33
setuid() to 33
Python version: 3.7.13 (default, May 28 2022, 14:49:57)  [GCC 10.2.1 20210110]
Python main interpreter initialized at 0x5645933f4d90
python threads support enabled
your server socket listen backlog is limited to 100 connections
your mercy for graceful operations on workers is 60 seconds
mapped 403077 bytes (393 KB) for 2 cores
*** Operational MODE: preforking ***
WSGI app 0 (mountpoint='') ready in 0 seconds on interpreter 0x5645933f4d90 pid: 9 (default app)
*** uWSGI is running in multiple interpreter mode ***
spawned uWSGI master process (pid: 9)
spawned uWSGI worker 1 (pid: 11, cores: 1)
spawned uWSGI worker 2 (pid: 12, cores: 1)
Python auto-reloader enabled
spawned uWSGI http 1 (pid: 15)
{address space usage: 152940544 bytes/145MB} {rss usage: 32583680 bytes/31MB} [pid: 12|app: 0|req: 1/1] 172.18.0.1 () {58 vars in 1416 bytes} [Wed Jun 15 11:17:14 2022] GET / => generated 0 bytes in 100 msecs (HTTP/1.1 302) 5 headers in 150 bytes (1 switches on core 0)
{address space usage: 153600000 bytes/146MB} {rss usage: 33284096 bytes/31MB} [pid: 12|app: 0|req: 2/2] 172.18.0.1 () {58 vars in 1441 bytes} [Wed Jun 15 11:17:14 2022] GET /login/?next=/ => generated 6136 bytes in 48 msecs (HTTP/1.1 200) 5 headers in 292 bytes (1 switches on core 0)
{address space usage: 154148864 bytes/147MB} {rss usage: 35905536 bytes/34MB} [pid: 12|app: 0|req: 3/3] 172.18.0.1 () {68 vars in 1673 bytes} [Wed Jun 15 11:17:20 2022] POST /login/?next=/ => generated 0 bytes in 155 msecs (HTTP/1.1 302) 7 headers in 450 bytes (1 switches on core 0)
{address space usage: 154447872 bytes/147MB} {rss usage: 36179968 bytes/34MB} [pid: 12|app: 0|req: 4/4] 172.18.0.1 () {62 vars in 1544 bytes} [Wed Jun 15 11:17:20 2022] GET / => generated 26895 bytes in 37 msecs (HTTP/1.1 200) 5 headers in 293 bytes (1 switches on core 0)
{address space usage: 154447872 bytes/147MB} {rss usage: 36179968 bytes/34MB} [pid: 12|app: 0|req: 5/5] 172.18.0.1 () {64 vars in 1581 bytes} [Wed Jun 15 11:17:21 2022] POST /get_notice/ => generated 72 bytes in 13 msecs (HTTP/1.1 200) 4 headers in 122 bytes (1 switches on core 0)
{address space usage: 154447872 bytes/147MB} {rss usage: 36179968 bytes/34MB} [pid: 12|app: 0|req: 6/6] 172.18.0.1 () {60 vars in 1508 bytes} [Wed Jun 15 11:17:24 2022] GET /home => generated 0 bytes in 1 msecs (HTTP/1.1 301) 3 headers in 111 bytes (1 switches on core 0)
{address space usage: 154447872 bytes/147MB} {rss usage: 36179968 bytes/34MB} [pid: 12|app: 0|req: 7/7] 172.18.0.1 () {60 vars in 1510 bytes} [Wed Jun 15 11:17:24 2022] GET /home/ => generated 26895 bytes in 14 msecs (HTTP/1.1 200) 5 headers in 293 bytes (1 switches on core 0)
{address space usage: 154447872 bytes/147MB} {rss usage: 36179968 bytes/34MB} [pid: 12|app: 0|req: 8/8] 172.18.0.1 () {64 vars in 1586 bytes} [Wed Jun 15 11:17:24 2022] POST /get_notice/ => generated 72 bytes in 12 msecs (HTTP/1.1 200) 4 headers in 122 bytes (1 switches on core 0)
{address space usage: 154447872 bytes/147MB} {rss usage: 36179968 bytes/34MB} [pid: 12|app: 0|req: 9/9] 172.18.0.1 () {60 vars in 1525 bytes} [Wed Jun 15 11:17:25 2022] GET /statistic/ => generated 28127 bytes in 41 msecs (HTTP/1.1 200) 5 headers in 293 bytes (1 switches on core 0)
{address space usage: 154447872 bytes/147MB} {rss usage: 36179968 bytes/34MB} [pid: 12|app: 0|req: 10/10] 172.18.0.1 () {64 vars in 1591 bytes} [Wed Jun 15 11:17:25 2022] POST /get_notice/ => generated 72 bytes in 11 msecs (HTTP/1.1 200) 4 headers in 122 bytes (1 switches on core 0)
{address space usage: 153223168 bytes/146MB} {rss usage: 34455552 bytes/32MB} [pid: 11|app: 0|req: 1/11] 172.18.0.1 () {64 vars in 1589 bytes} [Wed Jun 15 11:17:25 2022] POST /statistic/ => generated 305 bytes in 130 msecs (HTTP/1.1 200) 4 headers in 123 bytes (1 switches on core 0)
{address space usage: 154861568 bytes/147MB} {rss usage: 36368384 bytes/34MB} [pid: 12|app: 0|req: 11/12] 172.18.0.1 () {60 vars in 1528 bytes} [Wed Jun 15 11:17:27 2022] GET /userinfo/ => generated 40430 bytes in 25 msecs (HTTP/1.1 200) 5 headers in 293 bytes (1 switches on core 0)
{address space usage: 153391104 bytes/146MB} {rss usage: 34648064 bytes/33MB} [pid: 11|app: 0|req: 2/13] 172.18.0.1 () {64 vars in 1590 bytes} [Wed Jun 15 11:17:27 2022] POST /get_notice/ => generated 72 bytes in 10 msecs (HTTP/1.1 200) 4 headers in 122 bytes (1 switches on core 0)
{address space usage: 154861568 bytes/147MB} {rss usage: 36368384 bytes/34MB} [pid: 12|app: 0|req: 12/14] 172.18.0.1 () {60 vars in 1529 bytes} [Wed Jun 15 11:17:48 2022] GET /statistic/ => generated 28127 bytes in 10 msecs (HTTP/1.1 200) 5 headers in 293 bytes (1 switches on core 0)
{address space usage: 154861568 bytes/147MB} {rss usage: 36368384 bytes/34MB} [pid: 12|app: 0|req: 13/15] 172.18.0.1 () {64 vars in 1591 bytes} [Wed Jun 15 11:17:48 2022] POST /get_notice/ => generated 72 bytes in 17 msecs (HTTP/1.1 200) 4 headers in 122 bytes (1 switches on core 0)
{address space usage: 153653248 bytes/146MB} {rss usage: 34648064 bytes/33MB} [pid: 11|app: 0|req: 3/16] 172.18.0.1 () {64 vars in 1589 bytes} [Wed Jun 15 11:17:48 2022] POST /statistic/ => generated 305 bytes in 25 msecs (HTTP/1.1 200) 4 headers in 123 bytes (1 switches on core 0)
{address space usage: 154861568 bytes/147MB} {rss usage: 36573184 bytes/34MB} [pid: 12|app: 0|req: 14/17] 172.18.0.1 () {64 vars in 1589 bytes} [Wed Jun 15 11:17:50 2022] POST /statistic/ => generated 412 bytes in 29 msecs (HTTP/1.1 200) 4 headers in 123 bytes (1 switches on core 0)
{address space usage: 154861568 bytes/147MB} {rss usage: 36573184 bytes/34MB} [pid: 12|app: 0|req: 15/18] 172.18.0.1 () {60 vars in 1520 bytes} [Wed Jun 15 11:17:53 2022] GET /home/ => generated 26895 bytes in 12 msecs (HTTP/1.1 200) 5 headers in 293 bytes (1 switches on core 0)
{address space usage: 154861568 bytes/147MB} {rss usage: 36573184 bytes/34MB} [pid: 12|app: 0|req: 16/19] 172.18.0.1 () {64 vars in 1586 bytes} [Wed Jun 15 11:17:53 2022] POST /get_notice/ => generated 72 bytes in 13 msecs (HTTP/1.1 200) 4 headers in 122 bytes (1 switches on core 0)
{address space usage: 154861568 bytes/147MB} {rss usage: 36573184 bytes/34MB} [pid: 12|app: 0|req: 17/20] 172.18.0.1 () {60 vars in 1527 bytes} [Wed Jun 15 11:17:56 2022] GET /tools/docs/ => generated 31054 bytes in 22 msecs (HTTP/1.1 200) 5 headers in 293 bytes (1 switches on core 0)
{address space usage: 154861568 bytes/147MB} {rss usage: 36573184 bytes/34MB} [pid: 12|app: 0|req: 18/21] 172.18.0.1 () {64 vars in 1592 bytes} [Wed Jun 15 11:17:56 2022] POST /get_notice/ => generated 72 bytes in 12 msecs (HTTP/1.1 200) 4 headers in 122 bytes (1 switches on core 0)
{address space usage: 154222592 bytes/147MB} {rss usage: 35602432 bytes/33MB} [pid: 11|app: 0|req: 4/22] 172.18.0.1 () {60 vars in 1529 bytes} [Wed Jun 15 11:19:33 2022] GET /userinfo/ => generated 40442 bytes in 81 msecs (HTTP/1.1 200) 5 headers in 293 bytes (1 switches on core 0)
{address space usage: 154861568 bytes/147MB} {rss usage: 36573184 bytes/34MB} [pid: 12|app: 0|req: 19/23] 172.18.0.1 () {64 vars in 1590 bytes} [Wed Jun 15 11:19:33 2022] POST /get_notice/ => generated 72 bytes in 11 msecs (HTTP/1.1 200) 4 headers in 122 bytes (1 switches on core 0)
{address space usage: 154861568 bytes/147MB} {rss usage: 36573184 bytes/34MB} [pid: 12|app: 0|req: 20/24] 172.18.0.1 () {60 vars in 1519 bytes} [Wed Jun 15 11:19:36 2022] GET /home/ => generated 26895 bytes in 10 msecs (HTTP/1.1 200) 5 headers in 293 bytes (1 switches on core 0)
{address space usage: 154861568 bytes/147MB} {rss usage: 36573184 bytes/34MB} [pid: 12|app: 0|req: 21/25] 172.18.0.1 () {64 vars in 1586 bytes} [Wed Jun 15 11:19:36 2022] POST /get_notice/ => generated 72 bytes in 11 msecs (HTTP/1.1 200) 4 headers in 122 bytes (1 switches on core 0)
